<?xml version="1.0" encoding="UTF-8"?>
<!-- Generated by org.testng.reporters.JUnitReportReporter -->
<testsuite hostname="LAPTOP-42B328LA" name="FinanceVal.ScreenerTest" tests="2" failures="0" timestamp="17 Feb 2020 18:15:44 GMT" time="111.078" errors="0">
  <testcase name="total" time="64.898" classname="FinanceVal.ScreenerTest"/>
  <testcase name="filterAndValues" time="46.180" classname="FinanceVal.ScreenerTest"/>
</testsuite> <!-- FinanceVal.ScreenerTest -->
