<?xml version="1.0" encoding="UTF-8"?>
<!-- Generated by org.testng.reporters.JUnitReportReporter -->
<testsuite hostname="LAPTOP-42B328LA" name="FinanceVal.SearchBoxTest" tests="5" failures="0" timestamp="18 Feb 2020 00:25:32 GMT" time="151.117" errors="0">
  <testcase name="verifySearchBoxResults" time="18.402" classname="FinanceVal.SearchBoxTest"/>
  <testcase name="verifySearchBoxResults" time="30.066" classname="FinanceVal.SearchBoxTest"/>
  <testcase name="verifySearchBoxResults" time="74.397" classname="FinanceVal.SearchBoxTest"/>
  <testcase name="verifySearchBoxResults" time="14.768" classname="FinanceVal.SearchBoxTest"/>
  <testcase name="verifySearchBoxResults" time="13.484" classname="FinanceVal.SearchBoxTest"/>
</testsuite> <!-- FinanceVal.SearchBoxTest -->
