<?xml version="1.0" encoding="UTF-8"?>
<!-- Generated by org.testng.reporters.JUnitReportReporter -->
<testsuite hostname="LAPTOP-42B328LA" name="FinanceVal.LoginTest" tests="2" failures="0" timestamp="18 Feb 2020 01:13:01 GMT" time="8.509" errors="0">
  <testcase name="testLogin" time="5.508" classname="FinanceVal.LoginTest"/>
  <testcase name="testLogin" time="3.001" classname="FinanceVal.LoginTest"/>
</testsuite> <!-- FinanceVal.LoginTest -->
