<?xml version="1.0" encoding="UTF-8"?>
<!-- Generated by org.testng.reporters.JUnitReportReporter -->
<testsuite hostname="LAPTOP-42B328LA" name="FinanceVal.NewsTest" tests="1" failures="0" timestamp="17 Feb 2020 23:52:51 GMT" time="26.953" errors="0">
  <testcase name="checNewsLink" time="26.953" classname="FinanceVal.NewsTest"/>
</testsuite> <!-- FinanceVal.NewsTest -->
